  [1m[35m (0.2ms)[0m  [1m[35mDROP DATABASE IF EXISTS "general_contracting_app_development"[0m
  ↳ /Users/jonathannorton/.rvm/gems/ruby-2.5.0/bin/rake:23
  [1m[35m (0.1ms)[0m  [1m[35mDROP DATABASE IF EXISTS "general_contracting_app_test"[0m
  ↳ /Users/jonathannorton/.rvm/gems/ruby-2.5.0/bin/rake:23
  [1m[35m (285.8ms)[0m  [1m[35mCREATE DATABASE "general_contracting_app_development" ENCODING = 'unicode'[0m
  ↳ /Users/jonathannorton/.rvm/gems/ruby-2.5.0/bin/rake:23
  [1m[35m (299.4ms)[0m  [1m[35mCREATE DATABASE "general_contracting_app_test" ENCODING = 'unicode'[0m
  ↳ /Users/jonathannorton/.rvm/gems/ruby-2.5.0/bin/rake:23
  [1m[35m (6.3ms)[0m  [1m[35mCREATE TABLE "schema_migrations" ("version" character varying NOT NULL PRIMARY KEY)[0m
  ↳ /Users/jonathannorton/.rvm/gems/ruby-2.5.0/bin/rake:23
  [1m[35m (3.8ms)[0m  [1m[35mCREATE TABLE "ar_internal_metadata" ("key" character varying NOT NULL PRIMARY KEY, "value" character varying, "created_at" timestamp NOT NULL, "updated_at" timestamp NOT NULL)[0m
  ↳ /Users/jonathannorton/.rvm/gems/ruby-2.5.0/bin/rake:23
  [1m[35m (0.2ms)[0m  [1m[34mSELECT pg_try_advisory_lock(3861708426308571300)[0m
  ↳ /Users/jonathannorton/.rvm/gems/ruby-2.5.0/bin/rake:23
  [1m[35m (0.7ms)[0m  [1m[34mSELECT "schema_migrations"."version" FROM "schema_migrations" ORDER BY "schema_migrations"."version" ASC[0m
  ↳ /Users/jonathannorton/.rvm/gems/ruby-2.5.0/bin/rake:23
Migrating to DeviseCreateUsers (20190630011151)
  [1m[35m (0.2ms)[0m  [1m[35mBEGIN[0m
  ↳ /Users/jonathannorton/.rvm/gems/ruby-2.5.0/bin/rake:23
  [1m[35m (4.4ms)[0m  [1m[35mCREATE TABLE "users" ("id" bigserial primary key, "email" character varying DEFAULT '' NOT NULL, "encrypted_password" character varying DEFAULT '' NOT NULL, "reset_password_token" character varying, "reset_password_sent_at" timestamp, "remember_created_at" timestamp, "created_at" timestamp NOT NULL, "updated_at" timestamp NOT NULL)[0m
  ↳ db/migrate/20190630011151_devise_create_users.rb:5
  [1m[35m (1.5ms)[0m  [1m[35mCREATE UNIQUE INDEX  "index_users_on_email" ON "users"  ("email")[0m
  ↳ db/migrate/20190630011151_devise_create_users.rb:39
  [1m[35m (1.2ms)[0m  [1m[35mCREATE UNIQUE INDEX  "index_users_on_reset_password_token" ON "users"  ("reset_password_token")[0m
  ↳ db/migrate/20190630011151_devise_create_users.rb:40
  [1m[36mActiveRecord::SchemaMigration Create (0.5ms)[0m  [1m[32mINSERT INTO "schema_migrations" ("version") VALUES ($1) RETURNING "version"[0m  [["version", "20190630011151"]]
  ↳ /Users/jonathannorton/.rvm/gems/ruby-2.5.0/bin/rake:23
  [1m[35m (0.4ms)[0m  [1m[35mCOMMIT[0m
  ↳ /Users/jonathannorton/.rvm/gems/ruby-2.5.0/bin/rake:23
Migrating to CreateClients (20190630014039)
  [1m[35m (0.2ms)[0m  [1m[35mBEGIN[0m
  ↳ /Users/jonathannorton/.rvm/gems/ruby-2.5.0/bin/rake:23
  [1m[35m (4.2ms)[0m  [1m[35mCREATE TABLE "clients" ("id" bigserial primary key, "name" character varying, "phone_number" character varying, "email" character varying, "type_of_project" character varying, "payment_method" character varying, "description" text, "latitude" float, "longitude" float, "address" character varying, "link" character varying, "city" character varying, "state" character varying, "zip" integer, "lead_status" character varying, "lead_source" character varying, "created_at" timestamp NOT NULL, "updated_at" timestamp NOT NULL)[0m
  ↳ db/migrate/20190630014039_create_clients.rb:3
  [1m[36mActiveRecord::SchemaMigration Create (0.4ms)[0m  [1m[32mINSERT INTO "schema_migrations" ("version") VALUES ($1) RETURNING "version"[0m  [["version", "20190630014039"]]
  ↳ /Users/jonathannorton/.rvm/gems/ruby-2.5.0/bin/rake:23
  [1m[35m (0.6ms)[0m  [1m[35mCOMMIT[0m
  ↳ /Users/jonathannorton/.rvm/gems/ruby-2.5.0/bin/rake:23
  [1m[36mActiveRecord::InternalMetadata Load (1.0ms)[0m  [1m[34mSELECT  "ar_internal_metadata".* FROM "ar_internal_metadata" WHERE "ar_internal_metadata"."key" = $1 LIMIT $2[0m  [["key", "environment"], ["LIMIT", 1]]
  ↳ /Users/jonathannorton/.rvm/gems/ruby-2.5.0/bin/rake:23
  [1m[35m (0.2ms)[0m  [1m[35mBEGIN[0m
  ↳ /Users/jonathannorton/.rvm/gems/ruby-2.5.0/bin/rake:23
  [1m[36mActiveRecord::InternalMetadata Create (0.7ms)[0m  [1m[32mINSERT INTO "ar_internal_metadata" ("key", "value", "created_at", "updated_at") VALUES ($1, $2, $3, $4) RETURNING "key"[0m  [["key", "environment"], ["value", "development"], ["created_at", "2020-12-22 04:44:16.845684"], ["updated_at", "2020-12-22 04:44:16.845684"]]
  ↳ /Users/jonathannorton/.rvm/gems/ruby-2.5.0/bin/rake:23
  [1m[35m (0.4ms)[0m  [1m[35mCOMMIT[0m
  ↳ /Users/jonathannorton/.rvm/gems/ruby-2.5.0/bin/rake:23
  [1m[35m (0.3ms)[0m  [1m[34mSELECT pg_advisory_unlock(3861708426308571300)[0m
  ↳ /Users/jonathannorton/.rvm/gems/ruby-2.5.0/bin/rake:23
  [1m[35m (0.5ms)[0m  [1m[34mSELECT "schema_migrations"."version" FROM "schema_migrations" ORDER BY "schema_migrations"."version" ASC[0m
  ↳ /Users/jonathannorton/.rvm/gems/ruby-2.5.0/bin/rake:23
Started GET "/" for ::1 at 2020-12-21 23:44:36 -0500
  [1m[35m (0.8ms)[0m  [1m[34mSELECT "schema_migrations"."version" FROM "schema_migrations" ORDER BY "schema_migrations"."version" ASC[0m
  ↳ /Users/jonathannorton/.rvm/gems/ruby-2.5.0/gems/activerecord-5.2.3/lib/active_record/log_subscriber.rb:98
Processing by PagesController#home as HTML
  Rendering pages/home.html.erb within layouts/application
  Rendered layouts/_landing_page_nav.html.erb (3.2ms)
  Rendered pages/home.html.erb within layouts/application (8.0ms)
Completed 200 OK in 691ms (Views: 683.7ms | ActiveRecord: 0.0ms)


Started GET "/" for ::1 at 2020-12-21 23:45:29 -0500
Processing by PagesController#home as HTML
  Rendering pages/home.html.erb within layouts/application
  Rendered layouts/_landing_page_nav.html.erb (13.6ms)
  Rendered pages/home.html.erb within layouts/application (17.1ms)
Completed 200 OK in 59ms (Views: 55.4ms | ActiveRecord: 0.0ms)


Started GET "/" for ::1 at 2020-12-21 23:45:31 -0500
Processing by PagesController#home as HTML
  Rendering pages/home.html.erb within layouts/application
  Rendered layouts/_landing_page_nav.html.erb (1.3ms)
  Rendered pages/home.html.erb within layouts/application (4.7ms)
Completed 200 OK in 51ms (Views: 47.2ms | ActiveRecord: 0.0ms)


Started GET "/" for ::1 at 2020-12-21 23:45:34 -0500
Processing by PagesController#home as HTML
  Rendering pages/home.html.erb within layouts/application
  Rendered layouts/_landing_page_nav.html.erb (1.2ms)
  Rendered pages/home.html.erb within layouts/application (4.6ms)
Completed 200 OK in 52ms (Views: 47.9ms | ActiveRecord: 0.0ms)


Started GET "/" for ::1 at 2020-12-21 23:45:43 -0500
Processing by PagesController#home as HTML
  Rendering pages/home.html.erb within layouts/application
  Rendered layouts/_landing_page_nav.html.erb (1.1ms)
  Rendered pages/home.html.erb within layouts/application (4.2ms)
Completed 200 OK in 46ms (Views: 42.3ms | ActiveRecord: 0.0ms)


Started GET "/" for ::1 at 2020-12-21 23:46:58 -0500
Processing by PagesController#home as HTML
  Rendering pages/home.html.erb within layouts/application
  Rendered layouts/_landing_page_nav.html.erb (1.3ms)
  Rendered pages/home.html.erb within layouts/application (4.7ms)
Completed 200 OK in 57ms (Views: 53.0ms | ActiveRecord: 0.0ms)


Started GET "/user/sign_up" for ::1 at 2020-12-21 23:47:18 -0500
Processing by Devise::RegistrationsController#new as HTML
  Rendering devise/registrations/new.html.erb within layouts/application
  Rendered devise/shared/_links.html.erb (1.5ms)
  Rendered devise/registrations/new.html.erb within layouts/application (58.7ms)
  Rendered layouts/_nav.html.erb (1.8ms)
Completed 200 OK in 161ms (Views: 127.2ms | ActiveRecord: 12.1ms)


Started POST "/user" for ::1 at 2020-12-21 23:47:26 -0500
Processing by Devise::RegistrationsController#create as HTML
  Parameters: {"utf8"=>"✓", "authenticity_token"=>"ayXAgryn1Tw/JgpsQDVGb7uv0z/w2DNOIfNs35W2lktn0RVZKThsWHyrCG0OdpVhJFKX6KVIBg0+lPVv5PwihQ==", "user"=>{"email"=>"user1@gmail.com", "password"=>"[FILTERED]", "remember_me"=>"0"}, "commit"=>"Sign Up"}
Unpermitted parameter: :remember_me
  [1m[35m (0.1ms)[0m  [1m[35mBEGIN[0m
  ↳ /Users/jonathannorton/.rvm/gems/ruby-2.5.0/gems/activerecord-5.2.3/lib/active_record/log_subscriber.rb:98
  [1m[36mUser Exists (0.9ms)[0m  [1m[34mSELECT  1 AS one FROM "users" WHERE "users"."email" = $1 LIMIT $2[0m  [["email", "user1@gmail.com"], ["LIMIT", 1]]
  ↳ /Users/jonathannorton/.rvm/gems/ruby-2.5.0/gems/activerecord-5.2.3/lib/active_record/log_subscriber.rb:98
  [1m[36mUser Create (0.9ms)[0m  [1m[32mINSERT INTO "users" ("email", "encrypted_password", "created_at", "updated_at") VALUES ($1, $2, $3, $4) RETURNING "id"[0m  [["email", "user1@gmail.com"], ["encrypted_password", "$2a$11$HlnDVps92V4ge3wpeDWlBeqZQWaWmFDGj501g0XjjDu4SH0PLbQHe"], ["created_at", "2020-12-22 04:47:26.423136"], ["updated_at", "2020-12-22 04:47:26.423136"]]
  ↳ /Users/jonathannorton/.rvm/gems/ruby-2.5.0/gems/activerecord-5.2.3/lib/active_record/log_subscriber.rb:98
  [1m[35m (5.6ms)[0m  [1m[35mCOMMIT[0m
  ↳ /Users/jonathannorton/.rvm/gems/ruby-2.5.0/gems/activerecord-5.2.3/lib/active_record/log_subscriber.rb:98
Redirected to http://localhost:3000/dashboard
Completed 302 Found in 156ms (ActiveRecord: 7.5ms)


Started GET "/dashboard" for ::1 at 2020-12-21 23:47:26 -0500
Processing by PagesController#dashboard as HTML
  [1m[36mUser Load (0.3ms)[0m  [1m[34mSELECT  "users".* FROM "users" WHERE "users"."id" = $1 ORDER BY "users"."id" ASC LIMIT $2[0m  [["id", 1], ["LIMIT", 1]]
  ↳ /Users/jonathannorton/.rvm/gems/ruby-2.5.0/gems/activerecord-5.2.3/lib/active_record/log_subscriber.rb:98
  Rendering pages/dashboard.html.erb within layouts/application
  [1m[36mClient Load (1.9ms)[0m  [1m[34mSELECT "clients".* FROM "clients" WHERE "clients"."user_id" = $1 ORDER BY created_at DESC[0m  [["user_id", 1]]
  ↳ app/views/clients/_dashboard.html.erb:43
  Rendered clients/_dashboard.html.erb (4.9ms)
  Rendered pages/dashboard.html.erb within layouts/application (13.2ms)
Completed 500 Internal Server Error in 48ms (ActiveRecord: 4.3ms)


  
ActionView::Template::Error (PG::UndefinedColumn: ERROR:  column clients.user_id does not exist
LINE 1: SELECT "clients".* FROM "clients" WHERE "clients"."user_id" ...
                                                ^
: SELECT "clients".* FROM "clients" WHERE "clients"."user_id" = $1 ORDER BY created_at DESC):
    40: 
    41:         var locations = []
    42: 
    43:         <% @clients.each do |location| %>
    44:           var lat = <%= location.lat %>;
    45:           var lng = <%= location.lng %>;
    46:           locations.push({"lat":lat,"lng":lng})
  
app/views/clients/_dashboard.html.erb:43:in `_app_views_clients__dashboard_html_erb__3582687689014618751_70228338849800'
app/views/pages/dashboard.html.erb:1:in `_app_views_pages_dashboard_html_erb__4491374213898941845_70228291641740'
Started GET "/" for ::1 at 2020-12-21 23:47:44 -0500
Processing by PagesController#home as HTML
  Rendering pages/home.html.erb within layouts/application
  [1m[36mUser Load (0.8ms)[0m  [1m[34mSELECT  "users".* FROM "users" WHERE "users"."id" = $1 ORDER BY "users"."id" ASC LIMIT $2[0m  [["id", 1], ["LIMIT", 1]]
  ↳ app/views/layouts/_landing_page_nav.html.erb:4
  Rendered layouts/_landing_page_nav.html.erb (5.9ms)
  Rendered pages/home.html.erb within layouts/application (10.6ms)
Completed 200 OK in 55ms (Views: 50.6ms | ActiveRecord: 0.8ms)


Started GET "/users/1/clients" for ::1 at 2020-12-21 23:47:47 -0500
Processing by ClientsController#index as HTML
  Parameters: {"user_id"=>"1"}
  [1m[36mUser Load (1.4ms)[0m  [1m[34mSELECT  "users".* FROM "users" WHERE "users"."id" = $1 ORDER BY "users"."id" ASC LIMIT $2[0m  [["id", 1], ["LIMIT", 1]]
  ↳ /Users/jonathannorton/.rvm/gems/ruby-2.5.0/gems/activerecord-5.2.3/lib/active_record/log_subscriber.rb:98
  Rendering clients/index.html.erb within layouts/application
  [1m[36mClient Load (1.8ms)[0m  [1m[34mSELECT "clients".* FROM "clients" WHERE "clients"."user_id" = $1 ORDER BY created_at DESC[0m  [["user_id", 1]]
  ↳ app/views/clients/index.html.erb:15
  Rendered clients/index.html.erb within layouts/application (9.2ms)
Completed 500 Internal Server Error in 38ms (ActiveRecord: 3.2ms)


  
ActionView::Template::Error (PG::UndefinedColumn: ERROR:  column clients.user_id does not exist
LINE 1: SELECT "clients".* FROM "clients" WHERE "clients"."user_id" ...
                                                ^
: SELECT "clients".* FROM "clients" WHERE "clients"."user_id" = $1 ORDER BY created_at DESC):
    12:   <%= submit_tag "Search", :name => nil  %>
    13: <% end %> -->
    14: 
    15: <% @clients.each do |client| %>
    16:     <div class="card">
    17:       <br>
    18:       <br>
  
app/views/clients/index.html.erb:15:in `_app_views_clients_index_html_erb___4033129690467425535_70228341219000'
Started GET "/users/1/clients" for ::1 at 2020-12-21 23:48:10 -0500
Processing by ClientsController#index as HTML
  Parameters: {"user_id"=>"1"}
  [1m[36mUser Load (0.5ms)[0m  [1m[34mSELECT  "users".* FROM "users" WHERE "users"."id" = $1 ORDER BY "users"."id" ASC LIMIT $2[0m  [["id", 1], ["LIMIT", 1]]
  ↳ /Users/jonathannorton/.rvm/gems/ruby-2.5.0/gems/activerecord-5.2.3/lib/active_record/log_subscriber.rb:98
  Rendering clients/index.html.erb within layouts/application
  [1m[36mClient Load (1.5ms)[0m  [1m[34mSELECT "clients".* FROM "clients" WHERE "clients"."user_id" = $1 ORDER BY created_at DESC[0m  [["user_id", 1]]
  ↳ app/views/clients/index.html.erb:15
  Rendered clients/index.html.erb within layouts/application (6.1ms)
Completed 500 Internal Server Error in 24ms (ActiveRecord: 2.1ms)


  
ActionView::Template::Error (PG::UndefinedColumn: ERROR:  column clients.user_id does not exist
LINE 1: SELECT "clients".* FROM "clients" WHERE "clients"."user_id" ...
                                                ^
: SELECT "clients".* FROM "clients" WHERE "clients"."user_id" = $1 ORDER BY created_at DESC):
    12:   <%= submit_tag "Search", :name => nil  %>
    13: <% end %> -->
    14: 
    15: <% @clients.each do |client| %>
    16:     <div class="card">
    17:       <br>
    18:       <br>
  
app/views/clients/index.html.erb:15:in `_app_views_clients_index_html_erb___4033129690467425535_70228345821540'
Started GET "/users/" for ::1 at 2020-12-21 23:48:13 -0500
Processing by UsersController#index as HTML
  Rendering users/index.html.erb within layouts/application
  [1m[36mUser Load (0.4ms)[0m  [1m[34mSELECT "users".* FROM "users"[0m
  ↳ app/views/users/index.html.erb:15
  Rendered users/index.html.erb within layouts/application (2.1ms)
  [1m[36mUser Load (0.4ms)[0m  [1m[34mSELECT  "users".* FROM "users" WHERE "users"."id" = $1 ORDER BY "users"."id" ASC LIMIT $2[0m  [["id", 1], ["LIMIT", 1]]
  ↳ app/views/layouts/_nav.html.erb:4
  Rendered layouts/_nav.html.erb (2.6ms)
Completed 200 OK in 78ms (Views: 74.4ms | ActiveRecord: 0.8ms)


Started GET "/users/1/clients" for ::1 at 2020-12-21 23:48:16 -0500
Processing by ClientsController#index as HTML
  Parameters: {"user_id"=>"1"}
  [1m[36mUser Load (0.6ms)[0m  [1m[34mSELECT  "users".* FROM "users" WHERE "users"."id" = $1 ORDER BY "users"."id" ASC LIMIT $2[0m  [["id", 1], ["LIMIT", 1]]
  ↳ /Users/jonathannorton/.rvm/gems/ruby-2.5.0/gems/activerecord-5.2.3/lib/active_record/log_subscriber.rb:98
  Rendering clients/index.html.erb within layouts/application
  [1m[36mClient Load (1.0ms)[0m  [1m[34mSELECT "clients".* FROM "clients" WHERE "clients"."user_id" = $1 ORDER BY created_at DESC[0m  [["user_id", 1]]
  ↳ app/views/clients/index.html.erb:15
  Rendered clients/index.html.erb within layouts/application (5.8ms)
Completed 500 Internal Server Error in 30ms (ActiveRecord: 1.7ms)


  
ActionView::Template::Error (PG::UndefinedColumn: ERROR:  column clients.user_id does not exist
LINE 1: SELECT "clients".* FROM "clients" WHERE "clients"."user_id" ...
                                                ^
: SELECT "clients".* FROM "clients" WHERE "clients"."user_id" = $1 ORDER BY created_at DESC):
    12:   <%= submit_tag "Search", :name => nil  %>
    13: <% end %> -->
    14: 
    15: <% @clients.each do |client| %>
    16:     <div class="card">
    17:       <br>
    18:       <br>
  
app/views/clients/index.html.erb:15:in `_app_views_clients_index_html_erb___4033129690467425535_70228352629600'
Started GET "/users/" for ::1 at 2020-12-21 23:48:22 -0500
Processing by UsersController#index as HTML
  Rendering users/index.html.erb within layouts/application
  [1m[36mUser Load (0.4ms)[0m  [1m[34mSELECT "users".* FROM "users"[0m
  ↳ app/views/users/index.html.erb:15
  Rendered users/index.html.erb within layouts/application (1.8ms)
  [1m[36mUser Load (0.4ms)[0m  [1m[34mSELECT  "users".* FROM "users" WHERE "users"."id" = $1 ORDER BY "users"."id" ASC LIMIT $2[0m  [["id", 1], ["LIMIT", 1]]
  ↳ app/views/layouts/_nav.html.erb:4
  Rendered layouts/_nav.html.erb (4.1ms)
Completed 200 OK in 73ms (Views: 69.7ms | ActiveRecord: 0.8ms)


Started GET "/directions/index" for ::1 at 2020-12-21 23:48:23 -0500
Processing by DirectionsController#index as HTML
  [1m[36mUser Load (0.5ms)[0m  [1m[34mSELECT  "users".* FROM "users" WHERE "users"."id" = $1 ORDER BY "users"."id" ASC LIMIT $2[0m  [["id", 1], ["LIMIT", 1]]
  ↳ /Users/jonathannorton/.rvm/gems/ruby-2.5.0/gems/activerecord-5.2.3/lib/active_record/log_subscriber.rb:98
  Rendering directions/index.html.erb within layouts/application
  [1m[36mClient Load (1.2ms)[0m  [1m[34mSELECT "clients".* FROM "clients" WHERE "clients"."user_id" = $1 ORDER BY created_at DESC[0m  [["user_id", 1]]
  ↳ app/views/directions/index.html.erb:16
  Rendered directions/index.html.erb within layouts/application (7.5ms)
Completed 500 Internal Server Error in 32ms (ActiveRecord: 1.6ms)


  
ActionView::Template::Error (PG::UndefinedColumn: ERROR:  column clients.user_id does not exist
LINE 1: SELECT "clients".* FROM "clients" WHERE "clients"."user_id" ...
                                                ^
: SELECT "clients".* FROM "clients" WHERE "clients"."user_id" = $1 ORDER BY created_at DESC):
    13:     Start:
    14:   </div>
    15:   <select id="start">
    16:     <% @clients.each do |client|%>
    17:     <option value="<%=client.lat%>,<%=client.lng%>">
    18:       <%= client.state %>
    19:       <%= client.address %>
  
app/views/directions/index.html.erb:16:in `_app_views_directions_index_html_erb___10914073211365694_70228315134900'
Started GET "/" for ::1 at 2020-12-21 23:49:57 -0500
  [1m[35m (1.0ms)[0m  [1m[34mSELECT "schema_migrations"."version" FROM "schema_migrations" ORDER BY "schema_migrations"."version" ASC[0m
  ↳ /Users/jonathannorton/.rvm/gems/ruby-2.5.0/gems/activerecord-5.2.3/lib/active_record/log_subscriber.rb:98
Processing by PagesController#home as HTML
  Rendering pages/home.html.erb within layouts/application
  [1m[36mUser Load (0.7ms)[0m  [1m[34mSELECT  "users".* FROM "users" WHERE "users"."id" = $1 ORDER BY "users"."id" ASC LIMIT $2[0m  [["id", 1], ["LIMIT", 1]]
  ↳ app/views/layouts/_landing_page_nav.html.erb:4
  Rendered layouts/_landing_page_nav.html.erb (27.5ms)
  Rendered pages/home.html.erb within layouts/application (33.2ms)
Completed 200 OK in 295ms (Views: 279.6ms | ActiveRecord: 7.9ms)


Started GET "/dashboard" for ::1 at 2020-12-21 23:50:00 -0500
Processing by PagesController#dashboard as HTML
  [1m[36mUser Load (0.7ms)[0m  [1m[34mSELECT  "users".* FROM "users" WHERE "users"."id" = $1 ORDER BY "users"."id" ASC LIMIT $2[0m  [["id", 1], ["LIMIT", 1]]
  ↳ /Users/jonathannorton/.rvm/gems/ruby-2.5.0/gems/activerecord-5.2.3/lib/active_record/log_subscriber.rb:98
  Rendering pages/dashboard.html.erb within layouts/application
  [1m[36mClient Load (1.3ms)[0m  [1m[34mSELECT "clients".* FROM "clients" WHERE "clients"."user_id" = $1 ORDER BY created_at DESC[0m  [["user_id", 1]]
  ↳ app/views/clients/_dashboard.html.erb:43
  Rendered clients/_dashboard.html.erb (6.6ms)
  Rendered pages/dashboard.html.erb within layouts/application (9.2ms)
Completed 500 Internal Server Error in 66ms (ActiveRecord: 5.2ms)


  
ActionView::Template::Error (PG::UndefinedColumn: ERROR:  column clients.user_id does not exist
LINE 1: SELECT "clients".* FROM "clients" WHERE "clients"."user_id" ...
                                                ^
: SELECT "clients".* FROM "clients" WHERE "clients"."user_id" = $1 ORDER BY created_at DESC):
    40: 
    41:         var locations = []
    42: 
    43:         <% @clients.each do |location| %>
    44:           var lat = <%= location.lat %>;
    45:           var lng = <%= location.lng %>;
    46:           locations.push({"lat":lat,"lng":lng})
  
app/views/clients/_dashboard.html.erb:43:in `_app_views_clients__dashboard_html_erb__1228424619380050257_70143688447960'
app/views/pages/dashboard.html.erb:1:in `_app_views_pages_dashboard_html_erb___1639713961773853810_70143647995060'
  [1m[35m (0.2ms)[0m  [1m[34mSELECT pg_try_advisory_lock(3861708426308571300)[0m
  ↳ /Users/jonathannorton/.rvm/gems/ruby-2.5.0/bin/rake:23
  [1m[35m (0.7ms)[0m  [1m[34mSELECT "schema_migrations"."version" FROM "schema_migrations" ORDER BY "schema_migrations"."version" ASC[0m
  ↳ /Users/jonathannorton/.rvm/gems/ruby-2.5.0/bin/rake:23
Migrating to AddUserRefToProperties (20190709235952)
  [1m[35m (0.2ms)[0m  [1m[35mBEGIN[0m
  ↳ /Users/jonathannorton/.rvm/gems/ruby-2.5.0/bin/rake:23
  [1m[35m (0.7ms)[0m  [1m[35mALTER TABLE "properties" ADD "user_id" bigint[0m
  ↳ db/migrate/20190709235952_add_user_ref_to_properties.rb:3
  [1m[35m (0.1ms)[0m  [1m[31mROLLBACK[0m
  ↳ /Users/jonathannorton/.rvm/gems/ruby-2.5.0/bin/rake:23
  [1m[35m (0.2ms)[0m  [1m[34mSELECT pg_advisory_unlock(3861708426308571300)[0m
  ↳ /Users/jonathannorton/.rvm/gems/ruby-2.5.0/bin/rake:23
  [1m[35m (0.2ms)[0m  [1m[34mSELECT pg_try_advisory_lock(3861708426308571300)[0m
  ↳ /Users/jonathannorton/.rvm/gems/ruby-2.5.0/bin/rake:23
  [1m[35m (0.9ms)[0m  [1m[34mSELECT "schema_migrations"."version" FROM "schema_migrations" ORDER BY "schema_migrations"."version" ASC[0m
  ↳ /Users/jonathannorton/.rvm/gems/ruby-2.5.0/bin/rake:23
Migrating to AddUserRefToClients (20190709235952)
  [1m[35m (0.2ms)[0m  [1m[35mBEGIN[0m
  ↳ /Users/jonathannorton/.rvm/gems/ruby-2.5.0/bin/rake:23
  [1m[35m (0.8ms)[0m  [1m[35mALTER TABLE "clients" ADD "user_id" bigint[0m
  ↳ db/migrate/20190709235952_add_user_ref_to_clients.rb:3
  [1m[35m (3.4ms)[0m  [1m[35mCREATE  INDEX  "index_clients_on_user_id" ON "clients"  ("user_id")[0m
  ↳ db/migrate/20190709235952_add_user_ref_to_clients.rb:3
  [1m[35m (3.4ms)[0m  [1m[35mALTER TABLE "clients" ADD CONSTRAINT "fk_rails_21c421fd41"
FOREIGN KEY ("user_id")
  REFERENCES "users" ("id")
[0m
  ↳ db/migrate/20190709235952_add_user_ref_to_clients.rb:3
  [1m[36mActiveRecord::SchemaMigration Create (0.6ms)[0m  [1m[32mINSERT INTO "schema_migrations" ("version") VALUES ($1) RETURNING "version"[0m  [["version", "20190709235952"]]
  ↳ /Users/jonathannorton/.rvm/gems/ruby-2.5.0/bin/rake:23
  [1m[35m (0.6ms)[0m  [1m[35mCOMMIT[0m
  ↳ /Users/jonathannorton/.rvm/gems/ruby-2.5.0/bin/rake:23
  [1m[36mActiveRecord::InternalMetadata Load (0.9ms)[0m  [1m[34mSELECT  "ar_internal_metadata".* FROM "ar_internal_metadata" WHERE "ar_internal_metadata"."key" = $1 LIMIT $2[0m  [["key", "environment"], ["LIMIT", 1]]
  ↳ /Users/jonathannorton/.rvm/gems/ruby-2.5.0/bin/rake:23
  [1m[35m (0.2ms)[0m  [1m[35mBEGIN[0m
  ↳ /Users/jonathannorton/.rvm/gems/ruby-2.5.0/bin/rake:23
  [1m[35m (0.1ms)[0m  [1m[35mCOMMIT[0m
  ↳ /Users/jonathannorton/.rvm/gems/ruby-2.5.0/bin/rake:23
  [1m[35m (0.3ms)[0m  [1m[34mSELECT pg_advisory_unlock(3861708426308571300)[0m
  ↳ /Users/jonathannorton/.rvm/gems/ruby-2.5.0/bin/rake:23
  [1m[35m (0.3ms)[0m  [1m[34mSELECT "schema_migrations"."version" FROM "schema_migrations" ORDER BY "schema_migrations"."version" ASC[0m
  ↳ /Users/jonathannorton/.rvm/gems/ruby-2.5.0/bin/rake:23
Started GET "/dashboard" for ::1 at 2020-12-21 23:53:15 -0500
  [1m[35m (1.1ms)[0m  [1m[34mSELECT "schema_migrations"."version" FROM "schema_migrations" ORDER BY "schema_migrations"."version" ASC[0m
  ↳ /Users/jonathannorton/.rvm/gems/ruby-2.5.0/gems/activerecord-5.2.3/lib/active_record/log_subscriber.rb:98
Processing by PagesController#dashboard as HTML
  [1m[36mUser Load (0.7ms)[0m  [1m[34mSELECT  "users".* FROM "users" WHERE "users"."id" = $1 ORDER BY "users"."id" ASC LIMIT $2[0m  [["id", 1], ["LIMIT", 1]]
  ↳ /Users/jonathannorton/.rvm/gems/ruby-2.5.0/gems/activerecord-5.2.3/lib/active_record/log_subscriber.rb:98
  Rendering pages/dashboard.html.erb within layouts/application
  [1m[36mClient Load (7.6ms)[0m  [1m[34mSELECT "clients".* FROM "clients" WHERE "clients"."user_id" = $1 ORDER BY created_at DESC[0m  [["user_id", 1]]
  ↳ app/views/clients/_dashboard.html.erb:43
  Rendered clients/_dashboard.html.erb (9.9ms)
  Rendered pages/dashboard.html.erb within layouts/application (13.1ms)
  Rendered layouts/_nav.html.erb (1.6ms)
Completed 200 OK in 325ms (Views: 255.4ms | ActiveRecord: 17.7ms)


Started GET "/users/1/clients" for ::1 at 2020-12-21 23:53:18 -0500
Processing by ClientsController#index as HTML
  Parameters: {"user_id"=>"1"}
  [1m[36mUser Load (0.5ms)[0m  [1m[34mSELECT  "users".* FROM "users" WHERE "users"."id" = $1 ORDER BY "users"."id" ASC LIMIT $2[0m  [["id", 1], ["LIMIT", 1]]
  ↳ /Users/jonathannorton/.rvm/gems/ruby-2.5.0/gems/activerecord-5.2.3/lib/active_record/log_subscriber.rb:98
  Rendering clients/index.html.erb within layouts/application
  [1m[36mClient Load (0.6ms)[0m  [1m[34mSELECT "clients".* FROM "clients" WHERE "clients"."user_id" = $1 ORDER BY created_at DESC[0m  [["user_id", 1]]
  ↳ app/views/clients/index.html.erb:15
  Rendered clients/index.html.erb within layouts/application (4.0ms)
  Rendered layouts/_nav.html.erb (1.3ms)
Completed 200 OK in 64ms (Views: 56.3ms | ActiveRecord: 1.1ms)


Started GET "/dashboard" for ::1 at 2020-12-21 23:53:19 -0500
Processing by PagesController#dashboard as HTML
  [1m[36mUser Load (0.6ms)[0m  [1m[34mSELECT  "users".* FROM "users" WHERE "users"."id" = $1 ORDER BY "users"."id" ASC LIMIT $2[0m  [["id", 1], ["LIMIT", 1]]
  ↳ /Users/jonathannorton/.rvm/gems/ruby-2.5.0/gems/activerecord-5.2.3/lib/active_record/log_subscriber.rb:98
  Rendering pages/dashboard.html.erb within layouts/application
  [1m[36mClient Load (5.9ms)[0m  [1m[34mSELECT "clients".* FROM "clients" WHERE "clients"."user_id" = $1 ORDER BY created_at DESC[0m  [["user_id", 1]]
  ↳ app/views/clients/_dashboard.html.erb:43
  Rendered clients/_dashboard.html.erb (9.7ms)
  Rendered pages/dashboard.html.erb within layouts/application (15.2ms)
  Rendered layouts/_nav.html.erb (2.0ms)
Completed 200 OK in 117ms (Views: 94.9ms | ActiveRecord: 6.5ms)


Started GET "/directions/index" for ::1 at 2020-12-21 23:53:20 -0500
Processing by DirectionsController#index as HTML
  [1m[36mUser Load (0.6ms)[0m  [1m[34mSELECT  "users".* FROM "users" WHERE "users"."id" = $1 ORDER BY "users"."id" ASC LIMIT $2[0m  [["id", 1], ["LIMIT", 1]]
  ↳ /Users/jonathannorton/.rvm/gems/ruby-2.5.0/gems/activerecord-5.2.3/lib/active_record/log_subscriber.rb:98
  Rendering directions/index.html.erb within layouts/application
  [1m[36mClient Load (1.2ms)[0m  [1m[34mSELECT "clients".* FROM "clients" WHERE "clients"."user_id" = $1 ORDER BY created_at DESC[0m  [["user_id", 1]]
  ↳ app/views/directions/index.html.erb:16
  Rendered directions/index.html.erb within layouts/application (5.3ms)
  Rendered layouts/_nav.html.erb (1.9ms)
Completed 200 OK in 70ms (Views: 61.0ms | ActiveRecord: 1.8ms)


Started GET "/users/1/clients" for ::1 at 2020-12-21 23:53:56 -0500
Processing by ClientsController#index as HTML
  Parameters: {"user_id"=>"1"}
  [1m[36mUser Load (0.5ms)[0m  [1m[34mSELECT  "users".* FROM "users" WHERE "users"."id" = $1 ORDER BY "users"."id" ASC LIMIT $2[0m  [["id", 1], ["LIMIT", 1]]
  ↳ /Users/jonathannorton/.rvm/gems/ruby-2.5.0/gems/activerecord-5.2.3/lib/active_record/log_subscriber.rb:98
  Rendering clients/index.html.erb within layouts/application
  [1m[36mClient Load (1.1ms)[0m  [1m[34mSELECT "clients".* FROM "clients" WHERE "clients"."user_id" = $1 ORDER BY created_at DESC[0m  [["user_id", 1]]
  ↳ app/views/clients/index.html.erb:15
  Rendered clients/index.html.erb within layouts/application (4.6ms)
  Rendered layouts/_nav.html.erb (2.7ms)
Completed 200 OK in 88ms (Views: 79.2ms | ActiveRecord: 1.6ms)


Started GET "/users/1/clients/new" for ::1 at 2020-12-21 23:53:57 -0500
Processing by ClientsController#new as HTML
  Parameters: {"user_id"=>"1"}
  [1m[36mUser Load (0.6ms)[0m  [1m[34mSELECT  "users".* FROM "users" WHERE "users"."id" = $1 ORDER BY "users"."id" ASC LIMIT $2[0m  [["id", 1], ["LIMIT", 1]]
  ↳ /Users/jonathannorton/.rvm/gems/ruby-2.5.0/gems/activerecord-5.2.3/lib/active_record/log_subscriber.rb:98
  Rendering clients/new.html.erb within layouts/application
  Rendered clients/_form.html.erb (17.1ms)
  Rendered clients/new.html.erb within layouts/application (20.7ms)
  Rendered layouts/_nav.html.erb (1.3ms)
Completed 200 OK in 146ms (Views: 77.7ms | ActiveRecord: 4.3ms)


Started DELETE "/user/sign_out" for ::1 at 2020-12-21 23:54:34 -0500
Processing by Devise::SessionsController#destroy as HTML
  Parameters: {"authenticity_token"=>"2VslWvUotnExaewN6YFu5DtewtY3Twg2aFV3e2ARGzngCHL2asF1XlH2lKaNcBXGNbiU5KGiNPapfVhXWKqk+A=="}
  [1m[36mUser Load (0.3ms)[0m  [1m[34mSELECT  "users".* FROM "users" WHERE "users"."id" = $1 ORDER BY "users"."id" ASC LIMIT $2[0m  [["id", 1], ["LIMIT", 1]]
  ↳ /Users/jonathannorton/.rvm/gems/ruby-2.5.0/gems/activerecord-5.2.3/lib/active_record/log_subscriber.rb:98
  [1m[35m (0.2ms)[0m  [1m[35mBEGIN[0m
  ↳ /Users/jonathannorton/.rvm/gems/ruby-2.5.0/gems/activerecord-5.2.3/lib/active_record/log_subscriber.rb:98
  [1m[35m (0.2ms)[0m  [1m[35mCOMMIT[0m
  ↳ /Users/jonathannorton/.rvm/gems/ruby-2.5.0/gems/activerecord-5.2.3/lib/active_record/log_subscriber.rb:98
Redirected to http://localhost:3000/
Completed 302 Found in 8ms (ActiveRecord: 0.6ms)


Started GET "/" for ::1 at 2020-12-21 23:54:34 -0500
Processing by PagesController#home as HTML
  Rendering pages/home.html.erb within layouts/application
  Rendered layouts/_landing_page_nav.html.erb (3.7ms)
  Rendered pages/home.html.erb within layouts/application (8.0ms)
Completed 200 OK in 45ms (Views: 40.9ms | ActiveRecord: 0.0ms)


Started GET "/user/sign_in" for ::1 at 2020-12-21 23:55:00 -0500
Processing by Devise::SessionsController#new as HTML
  Rendering devise/sessions/new.html.erb within layouts/application
  Rendered devise/shared/_links.html.erb (2.0ms)
  Rendered devise/sessions/new.html.erb within layouts/application (12.6ms)
  Rendered layouts/_nav.html.erb (2.5ms)
Completed 200 OK in 81ms (Views: 78.2ms | ActiveRecord: 0.0ms)


Started POST "/user/sign_in" for ::1 at 2020-12-21 23:55:01 -0500
Processing by Devise::SessionsController#create as HTML
  Parameters: {"utf8"=>"✓", "authenticity_token"=>"Bp+tVC94P5h2lXpNw7hP1vBpGKQv/DJlIHAs57Pc5xhFPxqlcEm0Tl0E+9FGFOUbyUbLHrIo3BCqvQER8FxeUg==", "user"=>{"email"=>"SampleAccount@gmail.com", "password"=>"[FILTERED]", "remember_me"=>"0"}}
  [1m[36mUser Load (0.9ms)[0m  [1m[34mSELECT  "users".* FROM "users" WHERE "users"."email" = $1 ORDER BY "users"."id" ASC LIMIT $2[0m  [["email", "sampleaccount@gmail.com"], ["LIMIT", 1]]
  ↳ /Users/jonathannorton/.rvm/gems/ruby-2.5.0/gems/activerecord-5.2.3/lib/active_record/log_subscriber.rb:98
Completed 401 Unauthorized in 5ms (ActiveRecord: 0.9ms)


Processing by Devise::SessionsController#new as HTML
  Parameters: {"utf8"=>"✓", "authenticity_token"=>"Bp+tVC94P5h2lXpNw7hP1vBpGKQv/DJlIHAs57Pc5xhFPxqlcEm0Tl0E+9FGFOUbyUbLHrIo3BCqvQER8FxeUg==", "user"=>{"email"=>"SampleAccount@gmail.com", "password"=>"[FILTERED]", "remember_me"=>"0"}}
  Rendering devise/sessions/new.html.erb within layouts/application
  Rendered devise/shared/_links.html.erb (1.0ms)
  Rendered devise/sessions/new.html.erb within layouts/application (4.8ms)
  Rendered layouts/_nav.html.erb (1.1ms)
Completed 200 OK in 164ms (Views: 38.8ms | ActiveRecord: 0.0ms)


Started GET "/user/sign_in" for ::1 at 2020-12-21 23:55:04 -0500
Processing by Devise::SessionsController#new as HTML
  Rendering devise/sessions/new.html.erb within layouts/application
  Rendered devise/shared/_links.html.erb (1.4ms)
  Rendered devise/sessions/new.html.erb within layouts/application (7.6ms)
  Rendered layouts/_nav.html.erb (1.6ms)
Completed 200 OK in 61ms (Views: 59.3ms | ActiveRecord: 0.0ms)


Started POST "/user/sign_in" for ::1 at 2020-12-21 23:55:10 -0500
Processing by Devise::SessionsController#create as HTML
  Parameters: {"utf8"=>"✓", "authenticity_token"=>"l2/vUVnL45fCtg7458bQabnwiB7av2aefiLkbrp/EcTUz1igBvpoQeknj2RianqkgN9bpEdriOv078mY+f+ojg==", "user"=>{"email"=>"user1@gmail.com", "password"=>"[FILTERED]", "remember_me"=>"0"}}
  [1m[36mUser Load (0.5ms)[0m  [1m[34mSELECT  "users".* FROM "users" WHERE "users"."email" = $1 ORDER BY "users"."id" ASC LIMIT $2[0m  [["email", "user1@gmail.com"], ["LIMIT", 1]]
  ↳ /Users/jonathannorton/.rvm/gems/ruby-2.5.0/gems/activerecord-5.2.3/lib/active_record/log_subscriber.rb:98
Redirected to http://localhost:3000/dashboard
Completed 302 Found in 144ms (ActiveRecord: 0.5ms)


Started GET "/dashboard" for ::1 at 2020-12-21 23:55:10 -0500
Processing by PagesController#dashboard as HTML
  [1m[36mUser Load (0.2ms)[0m  [1m[34mSELECT  "users".* FROM "users" WHERE "users"."id" = $1 ORDER BY "users"."id" ASC LIMIT $2[0m  [["id", 1], ["LIMIT", 1]]
  ↳ /Users/jonathannorton/.rvm/gems/ruby-2.5.0/gems/activerecord-5.2.3/lib/active_record/log_subscriber.rb:98
  Rendering pages/dashboard.html.erb within layouts/application
  [1m[36mClient Load (0.7ms)[0m  [1m[34mSELECT "clients".* FROM "clients" WHERE "clients"."user_id" = $1 ORDER BY created_at DESC[0m  [["user_id", 1]]
  ↳ app/views/clients/_dashboard.html.erb:43
  Rendered clients/_dashboard.html.erb (2.6ms)
  Rendered pages/dashboard.html.erb within layouts/application (4.8ms)
  Rendered layouts/_nav.html.erb (1.0ms)
Completed 200 OK in 48ms (Views: 43.4ms | ActiveRecord: 0.9ms)


Started GET "/users/1/clients/new" for ::1 at 2020-12-21 23:55:11 -0500
Processing by ClientsController#new as HTML
  Parameters: {"user_id"=>"1"}
  [1m[36mUser Load (0.3ms)[0m  [1m[34mSELECT  "users".* FROM "users" WHERE "users"."id" = $1 ORDER BY "users"."id" ASC LIMIT $2[0m  [["id", 1], ["LIMIT", 1]]
  ↳ /Users/jonathannorton/.rvm/gems/ruby-2.5.0/gems/activerecord-5.2.3/lib/active_record/log_subscriber.rb:98
  Rendering clients/new.html.erb within layouts/application
  Rendered clients/_form.html.erb (5.7ms)
  Rendered clients/new.html.erb within layouts/application (8.8ms)
  Rendered layouts/_nav.html.erb (2.2ms)
Completed 200 OK in 77ms (Views: 70.8ms | ActiveRecord: 0.3ms)


Started POST "/users/1/clients" for ::1 at 2020-12-21 23:55:17 -0500
Processing by ClientsController#create as JS
  Parameters: {"utf8"=>"✓", "authenticity_token"=>"4dvHYtiUDAnSKRtsR3mg57HPo504sajd5luX5aT2coIwcQ4kl82gt6WJxWBE2NBBuWaRPo8s3Erw46qHKUgBEg==", "client"=>{"user_id"=>"1", "link"=>"", "description"=>"", "address"=>"924 Southeast 2nd Street", "city"=>"Fort Lauderdale", "state"=>"Florida", "zip"=>"33301", "latitude"=>"26.120706", "longitude"=>"-80.13355589999999"}, "button"=>"", "user_id"=>"1"}
  [1m[36mUser Load (0.3ms)[0m  [1m[34mSELECT  "users".* FROM "users" WHERE "users"."id" = $1 ORDER BY "users"."id" ASC LIMIT $2[0m  [["id", 1], ["LIMIT", 1]]
  ↳ /Users/jonathannorton/.rvm/gems/ruby-2.5.0/gems/activerecord-5.2.3/lib/active_record/log_subscriber.rb:98
  [1m[35m (0.1ms)[0m  [1m[35mBEGIN[0m
  ↳ app/controllers/clients_controller.rb:53
  [1m[36mClient Create (1.7ms)[0m  [1m[32mINSERT INTO "clients" ("description", "latitude", "longitude", "address", "link", "city", "state", "zip", "created_at", "updated_at", "user_id") VALUES ($1, $2, $3, $4, $5, $6, $7, $8, $9, $10, $11) RETURNING "id"[0m  [["description", ""], ["latitude", 26.121235044190843], ["longitude", -80.1340531002797], ["address", "924 Southeast 2nd Street"], ["link", ""], ["city", "Fort Lauderdale"], ["state", "Florida"], ["zip", 33301], ["created_at", "2020-12-22 04:55:18.281962"], ["updated_at", "2020-12-22 04:55:18.281962"], ["user_id", 1]]
  ↳ app/controllers/clients_controller.rb:53
  [1m[35m (5.1ms)[0m  [1m[35mCOMMIT[0m
  ↳ app/controllers/clients_controller.rb:53
Redirected to http://localhost:3000/clients/1
Completed 200 OK in 400ms (ActiveRecord: 7.3ms)


Started GET "/clients/1" for ::1 at 2020-12-21 23:55:18 -0500
Processing by ClientsController#show as HTML
  Parameters: {"id"=>"1"}
  [1m[36mUser Load (0.5ms)[0m  [1m[34mSELECT  "users".* FROM "users" WHERE "users"."id" = $1 ORDER BY "users"."id" ASC LIMIT $2[0m  [["id", 1], ["LIMIT", 1]]
  ↳ /Users/jonathannorton/.rvm/gems/ruby-2.5.0/gems/activerecord-5.2.3/lib/active_record/log_subscriber.rb:98
  [1m[36mClient Load (0.6ms)[0m  [1m[34mSELECT  "clients".* FROM "clients" WHERE "clients"."id" = $1 LIMIT $2[0m  [["id", 1], ["LIMIT", 1]]
  ↳ app/controllers/clients_controller.rb:93
  [1m[36mUser Load (0.7ms)[0m  [1m[34mSELECT  "users".* FROM "users" WHERE "users"."id" = $1 LIMIT $2[0m  [["id", 1], ["LIMIT", 1]]
  ↳ app/controllers/clients_controller.rb:98
  [1m[36mCACHE Client Load (0.0ms)[0m  [1m[34mSELECT  "clients".* FROM "clients" WHERE "clients"."id" = $1 LIMIT $2[0m  [["id", 1], ["LIMIT", 1]]
  ↳ app/controllers/clients_controller.rb:31
  Rendering clients/show.html.erb within layouts/application
  Rendered clients/show.html.erb within layouts/application (1.1ms)
  Rendered layouts/_nav.html.erb (1.4ms)
Completed 200 OK in 64ms (Views: 48.1ms | ActiveRecord: 1.9ms)


Started GET "/clients/1/edit" for ::1 at 2020-12-21 23:55:20 -0500
Processing by ClientsController#edit as HTML
  Parameters: {"id"=>"1"}
  [1m[36mUser Load (0.4ms)[0m  [1m[34mSELECT  "users".* FROM "users" WHERE "users"."id" = $1 ORDER BY "users"."id" ASC LIMIT $2[0m  [["id", 1], ["LIMIT", 1]]
  ↳ /Users/jonathannorton/.rvm/gems/ruby-2.5.0/gems/activerecord-5.2.3/lib/active_record/log_subscriber.rb:98
  [1m[36mClient Load (0.8ms)[0m  [1m[34mSELECT  "clients".* FROM "clients" WHERE "clients"."id" = $1 LIMIT $2[0m  [["id", 1], ["LIMIT", 1]]
  ↳ app/controllers/clients_controller.rb:93
  [1m[36mUser Load (0.6ms)[0m  [1m[34mSELECT  "users".* FROM "users" WHERE "users"."id" = $1 LIMIT $2[0m  [["id", 1], ["LIMIT", 1]]
  ↳ app/controllers/clients_controller.rb:98
  [1m[36mCACHE Client Load (0.0ms)[0m  [1m[34mSELECT  "clients".* FROM "clients" WHERE "clients"."id" = $1 LIMIT $2[0m  [["id", 1], ["LIMIT", 1]]
  ↳ app/controllers/clients_controller.rb:42
  Rendering clients/edit.html.erb within layouts/application
  Rendered clients/edit.html.erb within layouts/application (7.9ms)
  Rendered layouts/_nav.html.erb (2.0ms)
Completed 200 OK in 78ms (Views: 65.6ms | ActiveRecord: 1.8ms)


Started PATCH "/clients/1" for ::1 at 2020-12-21 23:55:33 -0500
Processing by ClientsController#update as HTML
  Parameters: {"utf8"=>"✓", "authenticity_token"=>"B2APF/xF2iwodGz1aTB8nEtMYFV+ngIH+h5PMeIOgBBqfxe57/1rBO+BjVYV5mDGHrYWgJeoDnWEE+Ofhx1snA==", "client"=>{"link"=>"", "description"=>"", "address"=>"120 Sweet Bay Circle", "city"=>"Jupiter", "state"=>"Florida", "zip"=>"33458", "latitude"=>"26.8969952", "longitude"=>"-80.100216"}, "button"=>"", "id"=>"1"}
  [1m[36mUser Load (0.3ms)[0m  [1m[34mSELECT  "users".* FROM "users" WHERE "users"."id" = $1 ORDER BY "users"."id" ASC LIMIT $2[0m  [["id", 1], ["LIMIT", 1]]
  ↳ /Users/jonathannorton/.rvm/gems/ruby-2.5.0/gems/activerecord-5.2.3/lib/active_record/log_subscriber.rb:98
  [1m[36mClient Load (0.5ms)[0m  [1m[34mSELECT  "clients".* FROM "clients" WHERE "clients"."id" = $1 LIMIT $2[0m  [["id", 1], ["LIMIT", 1]]
  ↳ app/controllers/clients_controller.rb:93
  [1m[36mUser Load (0.3ms)[0m  [1m[34mSELECT  "users".* FROM "users" WHERE "users"."id" = $1 LIMIT $2[0m  [["id", 1], ["LIMIT", 1]]
  ↳ app/controllers/clients_controller.rb:98
  [1m[35m (0.2ms)[0m  [1m[35mBEGIN[0m
  ↳ app/controllers/clients_controller.rb:68
  [1m[36mCACHE User Load (0.0ms)[0m  [1m[34mSELECT  "users".* FROM "users" WHERE "users"."id" = $1 LIMIT $2[0m  [["id", 1], ["LIMIT", 1]]
  ↳ app/controllers/clients_controller.rb:68
  [1m[36mClient Update (0.8ms)[0m  [1m[33mUPDATE "clients" SET "latitude" = $1, "longitude" = $2, "address" = $3, "city" = $4, "zip" = $5, "updated_at" = $6 WHERE "clients"."id" = $7[0m  [["latitude", 26.896852], ["longitude", -80.100447], ["address", "120 Sweet Bay Circle"], ["city", "Jupiter"], ["zip", 33458], ["updated_at", "2020-12-22 04:55:34.225073"], ["id", 1]]
  ↳ app/controllers/clients_controller.rb:68
  [1m[35m (5.6ms)[0m  [1m[35mCOMMIT[0m
  ↳ app/controllers/clients_controller.rb:68
Redirected to http://localhost:3000/clients/1
Completed 302 Found in 397ms (ActiveRecord: 7.7ms)


Started GET "/clients/1" for ::1 at 2020-12-21 23:55:34 -0500
Processing by ClientsController#show as HTML
  Parameters: {"id"=>"1"}
  [1m[36mUser Load (0.2ms)[0m  [1m[34mSELECT  "users".* FROM "users" WHERE "users"."id" = $1 ORDER BY "users"."id" ASC LIMIT $2[0m  [["id", 1], ["LIMIT", 1]]
  ↳ /Users/jonathannorton/.rvm/gems/ruby-2.5.0/gems/activerecord-5.2.3/lib/active_record/log_subscriber.rb:98
  [1m[36mClient Load (0.3ms)[0m  [1m[34mSELECT  "clients".* FROM "clients" WHERE "clients"."id" = $1 LIMIT $2[0m  [["id", 1], ["LIMIT", 1]]
  ↳ app/controllers/clients_controller.rb:93
  [1m[36mUser Load (0.3ms)[0m  [1m[34mSELECT  "users".* FROM "users" WHERE "users"."id" = $1 LIMIT $2[0m  [["id", 1], ["LIMIT", 1]]
  ↳ app/controllers/clients_controller.rb:98
  [1m[36mCACHE Client Load (0.0ms)[0m  [1m[34mSELECT  "clients".* FROM "clients" WHERE "clients"."id" = $1 LIMIT $2[0m  [["id", 1], ["LIMIT", 1]]
  ↳ app/controllers/clients_controller.rb:31
  Rendering clients/show.html.erb within layouts/application
  Rendered clients/show.html.erb within layouts/application (0.9ms)
  Rendered layouts/_nav.html.erb (1.9ms)
Completed 200 OK in 42ms (Views: 35.4ms | ActiveRecord: 0.8ms)


Started GET "/users/1/clients" for ::1 at 2020-12-21 23:55:38 -0500
Processing by ClientsController#index as HTML
  Parameters: {"user_id"=>"1"}
  [1m[36mUser Load (1.5ms)[0m  [1m[34mSELECT  "users".* FROM "users" WHERE "users"."id" = $1 ORDER BY "users"."id" ASC LIMIT $2[0m  [["id", 1], ["LIMIT", 1]]
  ↳ /Users/jonathannorton/.rvm/gems/ruby-2.5.0/gems/activerecord-5.2.3/lib/active_record/log_subscriber.rb:98
  Rendering clients/index.html.erb within layouts/application
  [1m[36mClient Load (0.8ms)[0m  [1m[34mSELECT "clients".* FROM "clients" WHERE "clients"."user_id" = $1 ORDER BY created_at DESC[0m  [["user_id", 1]]
  ↳ app/views/clients/index.html.erb:15
  Rendered clients/index.html.erb within layouts/application (4.2ms)
  Rendered layouts/_nav.html.erb (2.6ms)
Completed 200 OK in 67ms (Views: 56.5ms | ActiveRecord: 2.2ms)


Started GET "/directions/index" for ::1 at 2020-12-21 23:55:42 -0500
Processing by DirectionsController#index as HTML
  [1m[36mUser Load (1.1ms)[0m  [1m[34mSELECT  "users".* FROM "users" WHERE "users"."id" = $1 ORDER BY "users"."id" ASC LIMIT $2[0m  [["id", 1], ["LIMIT", 1]]
  ↳ /Users/jonathannorton/.rvm/gems/ruby-2.5.0/gems/activerecord-5.2.3/lib/active_record/log_subscriber.rb:98
  Rendering directions/index.html.erb within layouts/application
  [1m[36mClient Load (0.6ms)[0m  [1m[34mSELECT "clients".* FROM "clients" WHERE "clients"."user_id" = $1 ORDER BY created_at DESC[0m  [["user_id", 1]]
  ↳ app/views/directions/index.html.erb:16
  Rendered directions/index.html.erb within layouts/application (2.8ms)
  Rendered layouts/_nav.html.erb (1.2ms)
Completed 200 OK in 65ms (Views: 54.4ms | ActiveRecord: 1.7ms)


Started GET "/users/1/clients" for ::1 at 2020-12-21 23:56:00 -0500
Processing by ClientsController#index as HTML
  Parameters: {"user_id"=>"1"}
  [1m[36mUser Load (0.5ms)[0m  [1m[34mSELECT  "users".* FROM "users" WHERE "users"."id" = $1 ORDER BY "users"."id" ASC LIMIT $2[0m  [["id", 1], ["LIMIT", 1]]
  ↳ /Users/jonathannorton/.rvm/gems/ruby-2.5.0/gems/activerecord-5.2.3/lib/active_record/log_subscriber.rb:98
  Rendering clients/index.html.erb within layouts/application
  [1m[36mClient Load (0.9ms)[0m  [1m[34mSELECT "clients".* FROM "clients" WHERE "clients"."user_id" = $1 ORDER BY created_at DESC[0m  [["user_id", 1]]
  ↳ app/views/clients/index.html.erb:15
  Rendered clients/index.html.erb within layouts/application (4.8ms)
  Rendered layouts/_nav.html.erb (2.0ms)
Completed 200 OK in 111ms (Views: 101.3ms | ActiveRecord: 1.5ms)


Started GET "/clients/1" for ::1 at 2020-12-21 23:56:01 -0500
Processing by ClientsController#show as HTML
  Parameters: {"id"=>"1"}
  [1m[36mUser Load (0.3ms)[0m  [1m[34mSELECT  "users".* FROM "users" WHERE "users"."id" = $1 ORDER BY "users"."id" ASC LIMIT $2[0m  [["id", 1], ["LIMIT", 1]]
  ↳ /Users/jonathannorton/.rvm/gems/ruby-2.5.0/gems/activerecord-5.2.3/lib/active_record/log_subscriber.rb:98
  [1m[36mClient Load (2.2ms)[0m  [1m[34mSELECT  "clients".* FROM "clients" WHERE "clients"."id" = $1 LIMIT $2[0m  [["id", 1], ["LIMIT", 1]]
  ↳ app/controllers/clients_controller.rb:93
  [1m[36mUser Load (2.1ms)[0m  [1m[34mSELECT  "users".* FROM "users" WHERE "users"."id" = $1 LIMIT $2[0m  [["id", 1], ["LIMIT", 1]]
  ↳ app/controllers/clients_controller.rb:98
  [1m[36mCACHE Client Load (0.0ms)[0m  [1m[34mSELECT  "clients".* FROM "clients" WHERE "clients"."id" = $1 LIMIT $2[0m  [["id", 1], ["LIMIT", 1]]
  ↳ app/controllers/clients_controller.rb:31
  Rendering clients/show.html.erb within layouts/application
  Rendered clients/show.html.erb within layouts/application (1.8ms)
  Rendered layouts/_nav.html.erb (1.8ms)
Completed 200 OK in 91ms (Views: 75.5ms | ActiveRecord: 4.6ms)


Started GET "/clients/1/edit" for ::1 at 2020-12-21 23:56:03 -0500
Processing by ClientsController#edit as HTML
  Parameters: {"id"=>"1"}
  [1m[36mUser Load (0.4ms)[0m  [1m[34mSELECT  "users".* FROM "users" WHERE "users"."id" = $1 ORDER BY "users"."id" ASC LIMIT $2[0m  [["id", 1], ["LIMIT", 1]]
  ↳ /Users/jonathannorton/.rvm/gems/ruby-2.5.0/gems/activerecord-5.2.3/lib/active_record/log_subscriber.rb:98
  [1m[36mClient Load (0.7ms)[0m  [1m[34mSELECT  "clients".* FROM "clients" WHERE "clients"."id" = $1 LIMIT $2[0m  [["id", 1], ["LIMIT", 1]]
  ↳ app/controllers/clients_controller.rb:93
  [1m[36mUser Load (1.0ms)[0m  [1m[34mSELECT  "users".* FROM "users" WHERE "users"."id" = $1 LIMIT $2[0m  [["id", 1], ["LIMIT", 1]]
  ↳ app/controllers/clients_controller.rb:98
  [1m[36mCACHE Client Load (0.0ms)[0m  [1m[34mSELECT  "clients".* FROM "clients" WHERE "clients"."id" = $1 LIMIT $2[0m  [["id", 1], ["LIMIT", 1]]
  ↳ app/controllers/clients_controller.rb:42
  Rendering clients/edit.html.erb within layouts/application
  Rendered clients/edit.html.erb within layouts/application (5.8ms)
  Rendered layouts/_nav.html.erb (2.1ms)
Completed 200 OK in 69ms (Views: 55.4ms | ActiveRecord: 2.2ms)


Started DELETE "/clients/1" for ::1 at 2020-12-21 23:56:07 -0500
Processing by ClientsController#destroy as HTML
  Parameters: {"authenticity_token"=>"BCo+y1nw/irIEFUpN/ZFzEE42khMu1/HM7Y/71LObVin3xlJPygVyZP56WDaTyYsIeQJNphgc2I2ygs//ev9Jg==", "id"=>"1"}
  [1m[36mUser Load (0.4ms)[0m  [1m[34mSELECT  "users".* FROM "users" WHERE "users"."id" = $1 ORDER BY "users"."id" ASC LIMIT $2[0m  [["id", 1], ["LIMIT", 1]]
  ↳ /Users/jonathannorton/.rvm/gems/ruby-2.5.0/gems/activerecord-5.2.3/lib/active_record/log_subscriber.rb:98
  [1m[36mClient Load (0.4ms)[0m  [1m[34mSELECT  "clients".* FROM "clients" WHERE "clients"."id" = $1 LIMIT $2[0m  [["id", 1], ["LIMIT", 1]]
  ↳ app/controllers/clients_controller.rb:93
  [1m[36mUser Load (0.4ms)[0m  [1m[34mSELECT  "users".* FROM "users" WHERE "users"."id" = $1 LIMIT $2[0m  [["id", 1], ["LIMIT", 1]]
  ↳ app/controllers/clients_controller.rb:98
  [1m[35m (0.2ms)[0m  [1m[35mBEGIN[0m
  ↳ app/controllers/clients_controller.rb:83
  [1m[36mClient Destroy (0.7ms)[0m  [1m[31mDELETE FROM "clients" WHERE "clients"."id" = $1[0m  [["id", 1]]
  ↳ app/controllers/clients_controller.rb:83
  [1m[35m (5.7ms)[0m  [1m[35mCOMMIT[0m
  ↳ app/controllers/clients_controller.rb:83
Redirected to http://localhost:3000/users/1/clients
Completed 302 Found in 16ms (ActiveRecord: 7.8ms)


Started GET "/users/1/clients" for ::1 at 2020-12-21 23:56:07 -0500
Processing by ClientsController#index as HTML
  Parameters: {"user_id"=>"1"}
  [1m[36mUser Load (0.3ms)[0m  [1m[34mSELECT  "users".* FROM "users" WHERE "users"."id" = $1 ORDER BY "users"."id" ASC LIMIT $2[0m  [["id", 1], ["LIMIT", 1]]
  ↳ /Users/jonathannorton/.rvm/gems/ruby-2.5.0/gems/activerecord-5.2.3/lib/active_record/log_subscriber.rb:98
  Rendering clients/index.html.erb within layouts/application
  [1m[36mClient Load (0.7ms)[0m  [1m[34mSELECT "clients".* FROM "clients" WHERE "clients"."user_id" = $1 ORDER BY created_at DESC[0m  [["user_id", 1]]
  ↳ app/views/clients/index.html.erb:15
  Rendered clients/index.html.erb within layouts/application (2.6ms)
  Rendered layouts/_nav.html.erb (1.0ms)
Completed 200 OK in 54ms (Views: 46.9ms | ActiveRecord: 1.0ms)


Started GET "/users/1/clients" for ::1 at 2020-12-21 23:56:09 -0500
Processing by ClientsController#index as HTML
  Parameters: {"user_id"=>"1"}
  [1m[36mUser Load (0.4ms)[0m  [1m[34mSELECT  "users".* FROM "users" WHERE "users"."id" = $1 ORDER BY "users"."id" ASC LIMIT $2[0m  [["id", 1], ["LIMIT", 1]]
  ↳ /Users/jonathannorton/.rvm/gems/ruby-2.5.0/gems/activerecord-5.2.3/lib/active_record/log_subscriber.rb:98
  Rendering clients/index.html.erb within layouts/application
  [1m[36mClient Load (0.6ms)[0m  [1m[34mSELECT "clients".* FROM "clients" WHERE "clients"."user_id" = $1 ORDER BY created_at DESC[0m  [["user_id", 1]]
  ↳ app/views/clients/index.html.erb:15
  Rendered clients/index.html.erb within layouts/application (2.4ms)
  Rendered layouts/_nav.html.erb (1.4ms)
Completed 200 OK in 68ms (Views: 59.4ms | ActiveRecord: 1.0ms)


Started GET "/directions/index" for ::1 at 2020-12-21 23:56:10 -0500
Processing by DirectionsController#index as HTML
  [1m[36mUser Load (0.4ms)[0m  [1m[34mSELECT  "users".* FROM "users" WHERE "users"."id" = $1 ORDER BY "users"."id" ASC LIMIT $2[0m  [["id", 1], ["LIMIT", 1]]
  ↳ /Users/jonathannorton/.rvm/gems/ruby-2.5.0/gems/activerecord-5.2.3/lib/active_record/log_subscriber.rb:98
  Rendering directions/index.html.erb within layouts/application
  [1m[36mClient Load (0.7ms)[0m  [1m[34mSELECT "clients".* FROM "clients" WHERE "clients"."user_id" = $1 ORDER BY created_at DESC[0m  [["user_id", 1]]
  ↳ app/views/directions/index.html.erb:16
  Rendered directions/index.html.erb within layouts/application (2.9ms)
  Rendered layouts/_nav.html.erb (2.0ms)
Completed 200 OK in 72ms (Views: 61.7ms | ActiveRecord: 1.1ms)


Started GET "/dashboard" for ::1 at 2020-12-21 23:56:11 -0500
Processing by PagesController#dashboard as HTML
  [1m[36mUser Load (0.3ms)[0m  [1m[34mSELECT  "users".* FROM "users" WHERE "users"."id" = $1 ORDER BY "users"."id" ASC LIMIT $2[0m  [["id", 1], ["LIMIT", 1]]
  ↳ /Users/jonathannorton/.rvm/gems/ruby-2.5.0/gems/activerecord-5.2.3/lib/active_record/log_subscriber.rb:98
  Rendering pages/dashboard.html.erb within layouts/application
  [1m[36mClient Load (0.5ms)[0m  [1m[34mSELECT "clients".* FROM "clients" WHERE "clients"."user_id" = $1 ORDER BY created_at DESC[0m  [["user_id", 1]]
  ↳ app/views/clients/_dashboard.html.erb:43
  Rendered clients/_dashboard.html.erb (3.0ms)
  Rendered pages/dashboard.html.erb within layouts/application (7.0ms)
  Rendered layouts/_nav.html.erb (1.4ms)
Completed 200 OK in 63ms (Views: 55.7ms | ActiveRecord: 0.8ms)


